2010-08-09 22:33:52 Notice: Notice (8): Undefined variable: slides in [/var/www/infoskjerm/app/views/slides/index.ctp, line 2]
2010-08-09 22:43:57 Notice: Notice (8): Undefined property: View::$Session in [/var/www/infoskjerm/cake/libs/view/layouts/default.ctp, line 43]
2010-08-09 22:44:07 Notice: Notice (8): Undefined property: View::$Session in [/var/www/infoskjerm/cake/libs/view/layouts/default.ctp, line 43]
2010-08-09 22:44:08 Notice: Notice (8): Undefined property: View::$Session in [/var/www/infoskjerm/cake/libs/view/layouts/default.ctp, line 43]
2010-08-09 22:44:12 Notice: Notice (8): Undefined property: View::$Session in [/var/www/infoskjerm/cake/libs/view/layouts/default.ctp, line 43]
2010-08-09 22:44:12 Notice: Notice (8): Undefined property: View::$Session in [/var/www/infoskjerm/cake/libs/view/layouts/default.ctp, line 43]
2010-08-09 22:44:13 Notice: Notice (8): Undefined property: View::$Session in [/var/www/infoskjerm/cake/libs/view/layouts/default.ctp, line 43]
2010-08-09 22:44:25 Notice: Notice (8): Undefined variable: form in [/var/www/infoskjerm/app/views/slides/add.ctp, line 2]
2010-08-09 22:45:51 Notice: Notice (8): Undefined index: thumbnail in [/var/www/infoskjerm/app/views/slides/index.ctp, line 12]
2010-08-09 22:45:51 Notice: Notice (8): Undefined index: title in [/var/www/infoskjerm/app/views/slides/index.ctp, line 14]
2010-08-09 22:46:15 Notice: Notice (8): Undefined index: thumbnail in [/var/www/infoskjerm/app/views/slides/index.ctp, line 13]
2010-08-09 22:46:15 Notice: Notice (8): Undefined index: title in [/var/www/infoskjerm/app/views/slides/index.ctp, line 15]
2010-08-09 23:03:37 Notice: Notice (8): Undefined property: SlidesController::$html in [/var/www/infoskjerm/app/app_controller.php, line 9]
2010-08-09 23:03:58 Notice: Notice (8): Undefined property: SlidesController::$Html in [/var/www/infoskjerm/app/app_controller.php, line 9]
2010-08-09 23:04:05 Notice: Notice (8): Undefined variable: html in [/var/www/infoskjerm/app/app_controller.php, line 9]
2010-08-09 23:22:32 Notice: Notice (8): Undefined index: start in [/var/www/infoskjerm/app/controllers/slides_controller.php, line 43]
2010-08-09 23:22:32 Notice: Notice (8): Undefined index: stop in [/var/www/infoskjerm/app/controllers/slides_controller.php, line 45]
2010-08-09 23:22:42 Notice: Notice (8): Undefined index: start in [/var/www/infoskjerm/app/controllers/slides_controller.php, line 43]
2010-08-09 23:22:42 Notice: Notice (8): Undefined index: stop in [/var/www/infoskjerm/app/controllers/slides_controller.php, line 45]
2010-08-09 23:23:02 Notice: Notice (8): Undefined index: start in [/var/www/infoskjerm/app/controllers/slides_controller.php, line 67]
2010-08-09 23:23:02 Notice: Notice (8): Undefined index: stop in [/var/www/infoskjerm/app/controllers/slides_controller.php, line 69]
2010-08-09 23:44:09 Notice: Notice (8): Undefined index: start in [/var/www/infoskjerm/app/controllers/slides_controller.php, line 79]
2010-08-09 23:44:09 Notice: Notice (8): Undefined index: stop in [/var/www/infoskjerm/app/controllers/slides_controller.php, line 81]
2010-08-10 00:08:06 Notice: Notice (8): Undefined offset: 1 in [/var/www/infoskjerm/app/views/slides/slideshow.ctp, line 22]
2010-08-10 00:08:54 Notice: Notice (8): Undefined offset: 1 in [/var/www/infoskjerm/app/views/slides/slideshow.ctp, line 22]
2010-08-10 00:09:05 Notice: Notice (8): Undefined offset: 1 in [/var/www/infoskjerm/app/views/slides/slideshow.ctp, line 6]
2010-08-10 09:07:58 Notice: Notice (8): Undefined index: start in [/var/www/infoskjerm/app/controllers/slides_controller.php, line 46]
2010-08-10 09:07:58 Notice: Notice (8): Undefined index: stop in [/var/www/infoskjerm/app/controllers/slides_controller.php, line 48]
2010-08-10 09:23:09 Notice: Notice (8): Undefined index: start in [/var/www/infoskjerm/app/controllers/slides_controller.php, line 55]
2010-08-10 09:23:09 Notice: Notice (8): Undefined index: stop in [/var/www/infoskjerm/app/controllers/slides_controller.php, line 57]
2010-08-10 09:23:09 Notice: Notice (8): Undefined property: SlidesController::$Session in [/var/www/infoskjerm/app/controllers/slides_controller.php, line 62]
2010-08-10 09:23:27 Notice: Notice (8): Undefined index: start in [/var/www/infoskjerm/app/controllers/slides_controller.php, line 55]
2010-08-10 09:23:27 Notice: Notice (8): Undefined index: stop in [/var/www/infoskjerm/app/controllers/slides_controller.php, line 57]
2010-08-10 09:23:42 Notice: Notice (8): Undefined index: start in [/var/www/infoskjerm/app/controllers/slides_controller.php, line 55]
2010-08-10 09:23:42 Notice: Notice (8): Undefined index: stop in [/var/www/infoskjerm/app/controllers/slides_controller.php, line 57]
2010-08-10 09:24:16 Notice: Notice (8): Undefined index: start in [/var/www/infoskjerm/app/controllers/slides_controller.php, line 55]
2010-08-10 09:24:16 Notice: Notice (8): Undefined index: stop in [/var/www/infoskjerm/app/controllers/slides_controller.php, line 57]
2010-08-10 10:09:25 Notice: Notice (8): Undefined offset: 23 in [/var/www/infoskjerm/app/views/slides/timing.ctp, line 5]
2010-08-10 10:41:53 Notice: Notice (8): Undefined offset: 9 in [/var/www/infoskjerm/app/views/slides/timing.ctp, line 11]
2010-08-10 10:43:11 Notice: Notice (8): Undefined offset: 9 in [/var/www/infoskjerm/app/views/slides/timing.ctp, line 11]
2010-08-10 11:03:16 Notice: Notice (8): Undefined variable: interval in [/var/www/infoskjerm/app/controllers/slides_controller.php, line 85]
2010-08-10 11:07:21 Notice: Notice (8): Undefined index: Time in [/var/www/infoskjerm/app/views/slides/timing.ctp, line 21]
2010-08-10 11:07:54 Notice: Notice (8): Undefined index: Time in [/var/www/infoskjerm/app/views/slides/timing.ctp, line 21]
2010-08-10 11:09:43 Notice: Notice (8): Undefined offset: 1281391200 in [/var/www/infoskjerm/app/views/slides/timing.ctp, line 21]
2010-08-10 11:09:43 Notice: Notice (8): Undefined offset: 1281477600 in [/var/www/infoskjerm/app/views/slides/timing.ctp, line 21]
2010-08-10 11:09:43 Notice: Notice (8): Undefined offset: 1281564000 in [/var/www/infoskjerm/app/views/slides/timing.ctp, line 21]
2010-08-10 11:09:43 Notice: Notice (8): Undefined offset: 1281650400 in [/var/www/infoskjerm/app/views/slides/timing.ctp, line 21]
2010-08-10 11:09:43 Notice: Notice (8): Undefined offset: 1281736800 in [/var/www/infoskjerm/app/views/slides/timing.ctp, line 21]
2010-08-10 11:09:43 Notice: Notice (8): Undefined offset: 1281823200 in [/var/www/infoskjerm/app/views/slides/timing.ctp, line 21]
2010-08-10 11:09:43 Notice: Notice (8): Undefined offset: 1281402000 in [/var/www/infoskjerm/app/views/slides/timing.ctp, line 21]
2010-08-10 11:09:43 Notice: Notice (8): Undefined offset: 1281488400 in [/var/www/infoskjerm/app/views/slides/timing.ctp, line 21]
2010-08-10 11:09:43 Notice: Notice (8): Undefined offset: 1281574800 in [/var/www/infoskjerm/app/views/slides/timing.ctp, line 21]
2010-08-10 11:09:43 Notice: Notice (8): Undefined offset: 1281661200 in [/var/www/infoskjerm/app/views/slides/timing.ctp, line 21]
2010-08-10 11:09:43 Notice: Notice (8): Undefined offset: 1281747600 in [/var/www/infoskjerm/app/views/slides/timing.ctp, line 21]
2010-08-10 11:09:43 Notice: Notice (8): Undefined offset: 1281834000 in [/var/www/infoskjerm/app/views/slides/timing.ctp, line 21]
2010-08-10 11:09:43 Notice: Notice (8): Undefined offset: 1281412800 in [/var/www/infoskjerm/app/views/slides/timing.ctp, line 21]
2010-08-10 11:09:43 Notice: Notice (8): Undefined offset: 1281499200 in [/var/www/infoskjerm/app/views/slides/timing.ctp, line 21]
2010-08-10 11:09:43 Notice: Notice (8): Undefined offset: 1281585600 in [/var/www/infoskjerm/app/views/slides/timing.ctp, line 21]
2010-08-10 11:09:43 Notice: Notice (8): Undefined offset: 1281672000 in [/var/www/infoskjerm/app/views/slides/timing.ctp, line 21]
2010-08-10 11:09:43 Notice: Notice (8): Undefined offset: 1281758400 in [/var/www/infoskjerm/app/views/slides/timing.ctp, line 21]
2010-08-10 11:09:43 Notice: Notice (8): Undefined offset: 1281844800 in [/var/www/infoskjerm/app/views/slides/timing.ctp, line 21]
2010-08-10 11:09:43 Notice: Notice (8): Undefined offset: 1281423600 in [/var/www/infoskjerm/app/views/slides/timing.ctp, line 21]
2010-08-10 11:09:43 Notice: Notice (8): Undefined offset: 1281510000 in [/var/www/infoskjerm/app/views/slides/timing.ctp, line 21]
2010-08-10 11:09:43 Notice: Notice (8): Undefined offset: 1281596400 in [/var/www/infoskjerm/app/views/slides/timing.ctp, line 21]
2010-08-10 11:09:43 Notice: Notice (8): Undefined offset: 1281682800 in [/var/www/infoskjerm/app/views/slides/timing.ctp, line 21]
2010-08-10 11:09:43 Notice: Notice (8): Undefined offset: 1281769200 in [/var/www/infoskjerm/app/views/slides/timing.ctp, line 21]
2010-08-10 11:09:43 Notice: Notice (8): Undefined offset: 1281855600 in [/var/www/infoskjerm/app/views/slides/timing.ctp, line 21]
2010-08-10 11:09:44 Notice: Notice (8): Undefined offset: 1281434400 in [/var/www/infoskjerm/app/views/slides/timing.ctp, line 21]
2010-08-10 11:09:44 Notice: Notice (8): Undefined offset: 1281520800 in [/var/www/infoskjerm/app/views/slides/timing.ctp, line 21]
2010-08-10 11:09:44 Notice: Notice (8): Undefined offset: 1281607200 in [/var/www/infoskjerm/app/views/slides/timing.ctp, line 21]
2010-08-10 11:09:44 Notice: Notice (8): Undefined offset: 1281693600 in [/var/www/infoskjerm/app/views/slides/timing.ctp, line 21]
2010-08-10 11:09:44 Notice: Notice (8): Undefined offset: 1281780000 in [/var/www/infoskjerm/app/views/slides/timing.ctp, line 21]
2010-08-10 11:09:44 Notice: Notice (8): Undefined offset: 1281866400 in [/var/www/infoskjerm/app/views/slides/timing.ctp, line 21]
2010-08-10 11:09:44 Notice: Notice (8): Undefined offset: 1281445200 in [/var/www/infoskjerm/app/views/slides/timing.ctp, line 21]
2010-08-10 11:09:44 Notice: Notice (8): Undefined offset: 1281531600 in [/var/www/infoskjerm/app/views/slides/timing.ctp, line 21]
2010-08-10 11:09:44 Notice: Notice (8): Undefined offset: 1281618000 in [/var/www/infoskjerm/app/views/slides/timing.ctp, line 21]
2010-08-10 11:09:44 Notice: Notice (8): Undefined offset: 1281704400 in [/var/www/infoskjerm/app/views/slides/timing.ctp, line 21]
2010-08-10 11:09:44 Notice: Notice (8): Undefined offset: 1281790800 in [/var/www/infoskjerm/app/views/slides/timing.ctp, line 21]
2010-08-10 11:09:44 Notice: Notice (8): Undefined offset: 1281877200 in [/var/www/infoskjerm/app/views/slides/timing.ctp, line 21]
2010-08-10 11:09:44 Notice: Notice (8): Undefined offset: 1281456000 in [/var/www/infoskjerm/app/views/slides/timing.ctp, line 21]
2010-08-10 11:09:44 Notice: Notice (8): Undefined offset: 1281542400 in [/var/www/infoskjerm/app/views/slides/timing.ctp, line 21]
2010-08-10 11:09:44 Notice: Notice (8): Undefined offset: 1281628800 in [/var/www/infoskjerm/app/views/slides/timing.ctp, line 21]
2010-08-10 11:09:44 Notice: Notice (8): Undefined offset: 1281715200 in [/var/www/infoskjerm/app/views/slides/timing.ctp, line 21]
2010-08-10 11:09:44 Notice: Notice (8): Undefined offset: 1281801600 in [/var/www/infoskjerm/app/views/slides/timing.ctp, line 21]
2010-08-10 11:09:44 Notice: Notice (8): Undefined offset: 1281888000 in [/var/www/infoskjerm/app/views/slides/timing.ctp, line 21]
2010-08-10 11:09:44 Notice: Notice (8): Undefined offset: 1281466800 in [/var/www/infoskjerm/app/views/slides/timing.ctp, line 21]
2010-08-10 11:09:44 Notice: Notice (8): Undefined offset: 1281553200 in [/var/www/infoskjerm/app/views/slides/timing.ctp, line 21]
2010-08-10 11:09:44 Notice: Notice (8): Undefined offset: 1281639600 in [/var/www/infoskjerm/app/views/slides/timing.ctp, line 21]
2010-08-10 11:09:44 Notice: Notice (8): Undefined offset: 1281726000 in [/var/www/infoskjerm/app/views/slides/timing.ctp, line 21]
2010-08-10 11:09:44 Notice: Notice (8): Undefined offset: 1281812400 in [/var/www/infoskjerm/app/views/slides/timing.ctp, line 21]
2010-08-10 11:09:44 Notice: Notice (8): Undefined offset: 1281898800 in [/var/www/infoskjerm/app/views/slides/timing.ctp, line 21]
2010-08-10 11:09:44 Notice: Notice (8): Undefined offset: 1281909600 in [/var/www/infoskjerm/app/views/slides/timing.ctp, line 21]
2010-08-10 11:09:44 Notice: Notice (8): Undefined offset: 1281996000 in [/var/www/infoskjerm/app/views/slides/timing.ctp, line 21]
2010-08-10 11:09:44 Notice: Notice (8): Undefined offset: 1282082400 in [/var/www/infoskjerm/app/views/slides/timing.ctp, line 21]
2010-08-10 11:09:44 Notice: Notice (8): Undefined offset: 1282168800 in [/var/www/infoskjerm/app/views/slides/timing.ctp, line 21]
2010-08-10 11:09:44 Notice: Notice (8): Undefined offset: 1282255200 in [/var/www/infoskjerm/app/views/slides/timing.ctp, line 21]
2010-08-10 11:09:44 Notice: Notice (8): Undefined offset: 1282341600 in [/var/www/infoskjerm/app/views/slides/timing.ctp, line 21]
2010-08-10 11:09:44 Notice: Notice (8): Undefined offset: 1282428000 in [/var/www/infoskjerm/app/views/slides/timing.ctp, line 21]
2010-08-10 11:09:44 Notice: Notice (8): Undefined offset: 1281920400 in [/var/www/infoskjerm/app/views/slides/timing.ctp, line 21]
2010-08-10 11:09:44 Notice: Notice (8): Undefined offset: 1282006800 in [/var/www/infoskjerm/app/views/slides/timing.ctp, line 21]
2010-08-10 11:09:44 Notice: Notice (8): Undefined offset: 1282093200 in [/var/www/infoskjerm/app/views/slides/timing.ctp, line 21]
2010-08-10 11:09:44 Notice: Notice (8): Undefined offset: 1282179600 in [/var/www/infoskjerm/app/views/slides/timing.ctp, line 21]
2010-08-10 11:09:44 Notice: Notice (8): Undefined offset: 1282266000 in [/var/www/infoskjerm/app/views/slides/timing.ctp, line 21]
2010-08-10 11:09:44 Notice: Notice (8): Undefined offset: 1282352400 in [/var/www/infoskjerm/app/views/slides/timing.ctp, line 21]
2010-08-10 11:09:44 Notice: Notice (8): Undefined offset: 1282438800 in [/var/www/infoskjerm/app/views/slides/timing.ctp, line 21]
2010-08-10 11:09:44 Notice: Notice (8): Undefined offset: 1281931200 in [/var/www/infoskjerm/app/views/slides/timing.ctp, line 21]
2010-08-10 11:09:44 Notice: Notice (8): Undefined offset: 1282017600 in [/var/www/infoskjerm/app/views/slides/timing.ctp, line 21]
2010-08-10 11:09:44 Notice: Notice (8): Undefined offset: 1282104000 in [/var/www/infoskjerm/app/views/slides/timing.ctp, line 21]
2010-08-10 11:09:44 Notice: Notice (8): Undefined offset: 1282190400 in [/var/www/infoskjerm/app/views/slides/timing.ctp, line 21]
2010-08-10 11:09:44 Notice: Notice (8): Undefined offset: 1282276800 in [/var/www/infoskjerm/app/views/slides/timing.ctp, line 21]
2010-08-10 11:09:44 Notice: Notice (8): Undefined offset: 1282363200 in [/var/www/infoskjerm/app/views/slides/timing.ctp, line 21]
2010-08-10 11:09:44 Notice: Notice (8): Undefined offset: 1282449600 in [/var/www/infoskjerm/app/views/slides/timing.ctp, line 21]
2010-08-10 11:09:44 Notice: Notice (8): Undefined offset: 1281942000 in [/var/www/infoskjerm/app/views/slides/timing.ctp, line 21]
2010-08-10 11:09:44 Notice: Notice (8): Undefined offset: 1282028400 in [/var/www/infoskjerm/app/views/slides/timing.ctp, line 21]
2010-08-10 11:09:44 Notice: Notice (8): Undefined offset: 1282114800 in [/var/www/infoskjerm/app/views/slides/timing.ctp, line 21]
2010-08-10 11:09:44 Notice: Notice (8): Undefined offset: 1282201200 in [/var/www/infoskjerm/app/views/slides/timing.ctp, line 21]
2010-08-10 11:09:44 Notice: Notice (8): Undefined offset: 1282287600 in [/var/www/infoskjerm/app/views/slides/timing.ctp, line 21]
2010-08-10 11:09:44 Notice: Notice (8): Undefined offset: 1282374000 in [/var/www/infoskjerm/app/views/slides/timing.ctp, line 21]
2010-08-10 11:09:44 Notice: Notice (8): Undefined offset: 1282460400 in [/var/www/infoskjerm/app/views/slides/timing.ctp, line 21]
2010-08-10 11:09:44 Notice: Notice (8): Undefined offset: 1281952800 in [/var/www/infoskjerm/app/views/slides/timing.ctp, line 21]
2010-08-10 11:09:44 Notice: Notice (8): Undefined offset: 1282039200 in [/var/www/infoskjerm/app/views/slides/timing.ctp, line 21]
2010-08-10 11:09:44 Notice: Notice (8): Undefined offset: 1282125600 in [/var/www/infoskjerm/app/views/slides/timing.ctp, line 21]
2010-08-10 11:09:44 Notice: Notice (8): Undefined offset: 1282212000 in [/var/www/infoskjerm/app/views/slides/timing.ctp, line 21]
2010-08-10 11:09:44 Notice: Notice (8): Undefined offset: 1282298400 in [/var/www/infoskjerm/app/views/slides/timing.ctp, line 21]
2010-08-10 11:09:44 Notice: Notice (8): Undefined offset: 1282384800 in [/var/www/infoskjerm/app/views/slides/timing.ctp, line 21]
2010-08-10 11:09:44 Notice: Notice (8): Undefined offset: 1282471200 in [/var/www/infoskjerm/app/views/slides/timing.ctp, line 21]
2010-08-10 11:09:44 Notice: Notice (8): Undefined offset: 1281963600 in [/var/www/infoskjerm/app/views/slides/timing.ctp, line 21]
2010-08-10 11:09:44 Notice: Notice (8): Undefined offset: 1282050000 in [/var/www/infoskjerm/app/views/slides/timing.ctp, line 21]
2010-08-10 11:09:44 Notice: Notice (8): Undefined offset: 1282136400 in [/var/www/infoskjerm/app/views/slides/timing.ctp, line 21]
2010-08-10 11:09:44 Notice: Notice (8): Undefined offset: 1282222800 in [/var/www/infoskjerm/app/views/slides/timing.ctp, line 21]
2010-08-10 11:09:44 Notice: Notice (8): Undefined offset: 1282309200 in [/var/www/infoskjerm/app/views/slides/timing.ctp, line 21]
2010-08-10 11:09:44 Notice: Notice (8): Undefined offset: 1282395600 in [/var/www/infoskjerm/app/views/slides/timing.ctp, line 21]
2010-08-10 11:09:44 Notice: Notice (8): Undefined offset: 1282482000 in [/var/www/infoskjerm/app/views/slides/timing.ctp, line 21]
2010-08-10 11:09:44 Notice: Notice (8): Undefined offset: 1281974400 in [/var/www/infoskjerm/app/views/slides/timing.ctp, line 21]
2010-08-10 11:09:44 Notice: Notice (8): Undefined offset: 1282060800 in [/var/www/infoskjerm/app/views/slides/timing.ctp, line 21]
2010-08-10 11:09:44 Notice: Notice (8): Undefined offset: 1282147200 in [/var/www/infoskjerm/app/views/slides/timing.ctp, line 21]
2010-08-10 11:09:44 Notice: Notice (8): Undefined offset: 1282233600 in [/var/www/infoskjerm/app/views/slides/timing.ctp, line 21]
2010-08-10 11:09:44 Notice: Notice (8): Undefined offset: 1282320000 in [/var/www/infoskjerm/app/views/slides/timing.ctp, line 21]
2010-08-10 11:09:44 Notice: Notice (8): Undefined offset: 1282406400 in [/var/www/infoskjerm/app/views/slides/timing.ctp, line 21]
2010-08-10 11:09:44 Notice: Notice (8): Undefined offset: 1282492800 in [/var/www/infoskjerm/app/views/slides/timing.ctp, line 21]
2010-08-10 11:09:44 Notice: Notice (8): Undefined offset: 1281985200 in [/var/www/infoskjerm/app/views/slides/timing.ctp, line 21]
2010-08-10 11:09:44 Notice: Notice (8): Undefined offset: 1282071600 in [/var/www/infoskjerm/app/views/slides/timing.ctp, line 21]
2010-08-10 11:09:44 Notice: Notice (8): Undefined offset: 1282158000 in [/var/www/infoskjerm/app/views/slides/timing.ctp, line 21]
2010-08-10 11:09:44 Notice: Notice (8): Undefined offset: 1282244400 in [/var/www/infoskjerm/app/views/slides/timing.ctp, line 21]
2010-08-10 11:09:44 Notice: Notice (8): Undefined offset: 1282330800 in [/var/www/infoskjerm/app/views/slides/timing.ctp, line 21]
2010-08-10 11:09:44 Notice: Notice (8): Undefined offset: 1282417200 in [/var/www/infoskjerm/app/views/slides/timing.ctp, line 21]
2010-08-10 11:09:44 Notice: Notice (8): Undefined offset: 1282503600 in [/var/www/infoskjerm/app/views/slides/timing.ctp, line 21]
2010-08-10 11:09:44 Notice: Notice (8): Undefined offset: 1282514400 in [/var/www/infoskjerm/app/views/slides/timing.ctp, line 21]
2010-08-10 11:09:44 Notice: Notice (8): Undefined offset: 1282600800 in [/var/www/infoskjerm/app/views/slides/timing.ctp, line 21]
2010-08-10 11:09:44 Notice: Notice (8): Undefined offset: 1282687200 in [/var/www/infoskjerm/app/views/slides/timing.ctp, line 21]
2010-08-10 11:09:44 Notice: Notice (8): Undefined offset: 1282773600 in [/var/www/infoskjerm/app/views/slides/timing.ctp, line 21]
2010-08-10 11:09:44 Notice: Notice (8): Undefined offset: 1282860000 in [/var/www/infoskjerm/app/views/slides/timing.ctp, line 21]
2010-08-10 11:09:44 Notice: Notice (8): Undefined offset: 1282946400 in [/var/www/infoskjerm/app/views/slides/timing.ctp, line 21]
2010-08-10 11:09:44 Notice: Notice (8): Undefined offset: 1283032800 in [/var/www/infoskjerm/app/views/slides/timing.ctp, line 21]
2010-08-10 11:09:44 Notice: Notice (8): Undefined offset: 1282525200 in [/var/www/infoskjerm/app/views/slides/timing.ctp, line 21]
2010-08-10 11:09:44 Notice: Notice (8): Undefined offset: 1282611600 in [/var/www/infoskjerm/app/views/slides/timing.ctp, line 21]
2010-08-10 11:09:44 Notice: Notice (8): Undefined offset: 1282698000 in [/var/www/infoskjerm/app/views/slides/timing.ctp, line 21]
2010-08-10 11:09:44 Notice: Notice (8): Undefined offset: 1282784400 in [/var/www/infoskjerm/app/views/slides/timing.ctp, line 21]
2010-08-10 11:09:44 Notice: Notice (8): Undefined offset: 1282870800 in [/var/www/infoskjerm/app/views/slides/timing.ctp, line 21]
2010-08-10 11:09:44 Notice: Notice (8): Undefined offset: 1282957200 in [/var/www/infoskjerm/app/views/slides/timing.ctp, line 21]
2010-08-10 11:09:44 Notice: Notice (8): Undefined offset: 1283043600 in [/var/www/infoskjerm/app/views/slides/timing.ctp, line 21]
2010-08-10 11:09:44 Notice: Notice (8): Undefined offset: 1282536000 in [/var/www/infoskjerm/app/views/slides/timing.ctp, line 21]
2010-08-10 11:09:44 Notice: Notice (8): Undefined offset: 1282622400 in [/var/www/infoskjerm/app/views/slides/timing.ctp, line 21]
2010-08-10 11:09:44 Notice: Notice (8): Undefined offset: 1282708800 in [/var/www/infoskjerm/app/views/slides/timing.ctp, line 21]
2010-08-10 11:09:44 Notice: Notice (8): Undefined offset: 1282795200 in [/var/www/infoskjerm/app/views/slides/timing.ctp, line 21]
2010-08-10 11:09:44 Notice: Notice (8): Undefined offset: 1282881600 in [/var/www/infoskjerm/app/views/slides/timing.ctp, line 21]
2010-08-10 11:09:44 Notice: Notice (8): Undefined offset: 1282968000 in [/var/www/infoskjerm/app/views/slides/timing.ctp, line 21]
2010-08-10 11:09:44 Notice: Notice (8): Undefined offset: 1283054400 in [/var/www/infoskjerm/app/views/slides/timing.ctp, line 21]
2010-08-10 11:09:44 Notice: Notice (8): Undefined offset: 1282546800 in [/var/www/infoskjerm/app/views/slides/timing.ctp, line 21]
2010-08-10 11:09:44 Notice: Notice (8): Undefined offset: 1282633200 in [/var/www/infoskjerm/app/views/slides/timing.ctp, line 21]
2010-08-10 11:09:44 Notice: Notice (8): Undefined offset: 1282719600 in [/var/www/infoskjerm/app/views/slides/timing.ctp, line 21]
2010-08-10 11:09:44 Notice: Notice (8): Undefined offset: 1282806000 in [/var/www/infoskjerm/app/views/slides/timing.ctp, line 21]
2010-08-10 11:09:44 Notice: Notice (8): Undefined offset: 1282892400 in [/var/www/infoskjerm/app/views/slides/timing.ctp, line 21]
2010-08-10 11:09:44 Notice: Notice (8): Undefined offset: 1282978800 in [/var/www/infoskjerm/app/views/slides/timing.ctp, line 21]
2010-08-10 11:09:44 Notice: Notice (8): Undefined offset: 1283065200 in [/var/www/infoskjerm/app/views/slides/timing.ctp, line 21]
2010-08-10 11:09:44 Notice: Notice (8): Undefined offset: 1282557600 in [/var/www/infoskjerm/app/views/slides/timing.ctp, line 21]
2010-08-10 11:09:44 Notice: Notice (8): Undefined offset: 1282644000 in [/var/www/infoskjerm/app/views/slides/timing.ctp, line 21]
2010-08-10 11:09:44 Notice: Notice (8): Undefined offset: 1282730400 in [/var/www/infoskjerm/app/views/slides/timing.ctp, line 21]
2010-08-10 11:09:44 Notice: Notice (8): Undefined offset: 1282816800 in [/var/www/infoskjerm/app/views/slides/timing.ctp, line 21]
2010-08-10 11:09:44 Notice: Notice (8): Undefined offset: 1282903200 in [/var/www/infoskjerm/app/views/slides/timing.ctp, line 21]
2010-08-10 11:09:44 Notice: Notice (8): Undefined offset: 1282989600 in [/var/www/infoskjerm/app/views/slides/timing.ctp, line 21]
2010-08-10 11:09:44 Notice: Notice (8): Undefined offset: 1283076000 in [/var/www/infoskjerm/app/views/slides/timing.ctp, line 21]
2010-08-10 11:09:44 Notice: Notice (8): Undefined offset: 1282568400 in [/var/www/infoskjerm/app/views/slides/timing.ctp, line 21]
2010-08-10 11:09:44 Notice: Notice (8): Undefined offset: 1282654800 in [/var/www/infoskjerm/app/views/slides/timing.ctp, line 21]
2010-08-10 11:09:44 Notice: Notice (8): Undefined offset: 1282741200 in [/var/www/infoskjerm/app/views/slides/timing.ctp, line 21]
2010-08-10 11:09:44 Notice: Notice (8): Undefined offset: 1282827600 in [/var/www/infoskjerm/app/views/slides/timing.ctp, line 21]
2010-08-10 11:09:44 Notice: Notice (8): Undefined offset: 1282914000 in [/var/www/infoskjerm/app/views/slides/timing.ctp, line 21]
2010-08-10 11:09:44 Notice: Notice (8): Undefined offset: 1283000400 in [/var/www/infoskjerm/app/views/slides/timing.ctp, line 21]
2010-08-10 11:09:44 Notice: Notice (8): Undefined offset: 1283086800 in [/var/www/infoskjerm/app/views/slides/timing.ctp, line 21]
2010-08-10 11:09:44 Notice: Notice (8): Undefined offset: 1282579200 in [/var/www/infoskjerm/app/views/slides/timing.ctp, line 21]
2010-08-10 11:09:44 Notice: Notice (8): Undefined offset: 1282665600 in [/var/www/infoskjerm/app/views/slides/timing.ctp, line 21]
2010-08-10 11:09:44 Notice: Notice (8): Undefined offset: 1282752000 in [/var/www/infoskjerm/app/views/slides/timing.ctp, line 21]
2010-08-10 11:09:44 Notice: Notice (8): Undefined offset: 1282838400 in [/var/www/infoskjerm/app/views/slides/timing.ctp, line 21]
2010-08-10 11:09:44 Notice: Notice (8): Undefined offset: 1282924800 in [/var/www/infoskjerm/app/views/slides/timing.ctp, line 21]
2010-08-10 11:09:44 Notice: Notice (8): Undefined offset: 1283011200 in [/var/www/infoskjerm/app/views/slides/timing.ctp, line 21]
2010-08-10 11:09:44 Notice: Notice (8): Undefined offset: 1283097600 in [/var/www/infoskjerm/app/views/slides/timing.ctp, line 21]
2010-08-10 11:09:44 Notice: Notice (8): Undefined offset: 1282590000 in [/var/www/infoskjerm/app/views/slides/timing.ctp, line 21]
2010-08-10 11:09:44 Notice: Notice (8): Undefined offset: 1282676400 in [/var/www/infoskjerm/app/views/slides/timing.ctp, line 21]
2010-08-10 11:09:44 Notice: Notice (8): Undefined offset: 1282762800 in [/var/www/infoskjerm/app/views/slides/timing.ctp, line 21]
2010-08-10 11:09:44 Notice: Notice (8): Undefined offset: 1282849200 in [/var/www/infoskjerm/app/views/slides/timing.ctp, line 21]
2010-08-10 11:09:44 Notice: Notice (8): Undefined offset: 1282935600 in [/var/www/infoskjerm/app/views/slides/timing.ctp, line 21]
2010-08-10 11:09:44 Notice: Notice (8): Undefined offset: 1283022000 in [/var/www/infoskjerm/app/views/slides/timing.ctp, line 21]
2010-08-10 11:09:44 Notice: Notice (8): Undefined offset: 1283108400 in [/var/www/infoskjerm/app/views/slides/timing.ctp, line 21]
2010-08-10 11:56:56 Notice: Notice (8): Undefined index: start in [/var/www/infoskjerm/app/controllers/slides_controller.php, line 157]
2010-08-10 11:56:56 Notice: Notice (8): Undefined index: stop in [/var/www/infoskjerm/app/controllers/slides_controller.php, line 159]
2010-08-10 11:57:22 Notice: Notice (8): session_start() [http://php.net/function.session-start]: ps_files_cleanup_dir: opendir(/var/lib/php5) failed: Permission denied (13) in [/var/www/infoskjerm/cake/libs/cake_session.php, line 584]
2010-08-10 12:22:57 Notice: Notice (8): Undefined index: DiisplayTime in [/var/www/infoskjerm/app/controllers/slides_controller.php, line 163]
2010-08-10 12:22:57 Notice: Notice (8): Undefined index: DiisplayTime in [/var/www/infoskjerm/app/controllers/slides_controller.php, line 164]
2010-08-10 12:22:57 Notice: Notice (8): Undefined index: start in [/var/www/infoskjerm/app/views/slides/index.ctp, line 52]
2010-08-10 12:22:57 Notice: Notice (8): Undefined index: stop in [/var/www/infoskjerm/app/views/slides/index.ctp, line 55]
2010-08-10 12:23:54 Notice: Notice (8): Undefined index: start in [/var/www/infoskjerm/app/views/slides/index.ctp, line 52]
2010-08-10 12:23:54 Notice: Notice (8): Undefined index: stop in [/var/www/infoskjerm/app/views/slides/index.ctp, line 55]
2010-08-10 12:24:21 Notice: Notice (8): Undefined variable: enabled in [/var/www/infoskjerm/app/views/slides/index.ctp, line 21]
2010-08-10 12:24:21 Notice: Notice (8): Undefined index: start in [/var/www/infoskjerm/app/views/slides/index.ctp, line 52]
2010-08-10 12:24:21 Notice: Notice (8): Undefined index: stop in [/var/www/infoskjerm/app/views/slides/index.ctp, line 55]
2010-08-10 12:24:31 Notice: Notice (8): Undefined index: start in [/var/www/infoskjerm/app/views/slides/index.ctp, line 30]
2010-08-10 12:24:31 Notice: Notice (8): Undefined index: stop in [/var/www/infoskjerm/app/views/slides/index.ctp, line 33]
2010-08-10 12:24:31 Notice: Notice (8): Undefined index: start in [/var/www/infoskjerm/app/views/slides/index.ctp, line 52]
2010-08-10 12:24:31 Notice: Notice (8): Undefined index: stop in [/var/www/infoskjerm/app/views/slides/index.ctp, line 55]
2010-08-10 12:30:15 Notice: Notice (8): Undefined index: DiisplayTime in [/var/www/infoskjerm/app/controllers/slides_controller.php, line 161]
2010-08-10 12:30:15 Notice: Notice (8): Undefined index: DiisplayTime in [/var/www/infoskjerm/app/controllers/slides_controller.php, line 162]
2010-08-10 12:37:33 Notice: Notice (8): Undefined index: DiisplayTime in [/var/www/infoskjerm/app/controllers/slides_controller.php, line 163]
2010-08-10 12:38:20 Notice: Notice (8): Undefined index: DiisplayTime in [/var/www/infoskjerm/app/controllers/slides_controller.php, line 163]
2010-08-10 12:38:32 Notice: Notice (8): Undefined index: DiisplayTime in [/var/www/infoskjerm/app/controllers/slides_controller.php, line 163]
2010-08-10 12:38:59 Notice: Notice (8): Undefined index: DiisplayTime in [/var/www/infoskjerm/app/controllers/slides_controller.php, line 163]
2010-08-10 12:38:59 Notice: Notice (8): Undefined index: thumbnail in [/var/www/infoskjerm/app/views/slides/edit.ctp, line 2]
2010-08-10 12:38:59 Notice: Notice (8): Undefined index: id in [/var/www/infoskjerm/app/views/slides/edit.ctp, line 48]
2010-08-10 12:39:08 Notice: Notice (8): Undefined index: thumbnail in [/var/www/infoskjerm/app/views/slides/edit.ctp, line 2]
2010-08-10 12:39:08 Notice: Notice (8): Undefined index: id in [/var/www/infoskjerm/app/views/slides/edit.ctp, line 48]
2010-08-10 12:39:45 Notice: Notice (8): Undefined index: thumbnail in [/var/www/infoskjerm/app/views/slides/edit.ctp, line 2]
2010-08-10 12:39:45 Notice: Notice (8): Undefined index: id in [/var/www/infoskjerm/app/views/slides/edit.ctp, line 48]
2010-08-10 12:40:05 Notice: Notice (8): Undefined index: DIsplayTime in [/var/www/infoskjerm/app/controllers/slides_controller.php, line 165]
2010-08-10 12:40:05 Notice: Notice (8): Undefined index: thumbnail in [/var/www/infoskjerm/app/views/slides/edit.ctp, line 2]
2010-08-10 12:40:05 Notice: Notice (8): Undefined index: id in [/var/www/infoskjerm/app/views/slides/edit.ctp, line 48]
2010-08-10 12:40:16 Notice: Notice (8): Undefined index: DIsplayTime in [/var/www/infoskjerm/app/controllers/slides_controller.php, line 165]
2010-08-10 12:40:16 Notice: Notice (8): Undefined index: thumbnail in [/var/www/infoskjerm/app/views/slides/edit.ctp, line 2]
2010-08-10 12:40:16 Notice: Notice (8): Undefined index: id in [/var/www/infoskjerm/app/views/slides/edit.ctp, line 48]
2010-08-10 12:40:25 Notice: Notice (8): Undefined index: thumbnail in [/var/www/infoskjerm/app/views/slides/edit.ctp, line 2]
2010-08-10 12:40:25 Notice: Notice (8): Undefined index: id in [/var/www/infoskjerm/app/views/slides/edit.ctp, line 48]
2010-08-10 12:40:35 Notice: Notice (8): Undefined index: thumbnail in [/var/www/infoskjerm/app/views/slides/edit.ctp, line 2]
2010-08-10 12:40:35 Notice: Notice (8): Undefined index: id in [/var/www/infoskjerm/app/views/slides/edit.ctp, line 48]
2010-08-10 13:28:58 Notice: Notice (8): Undefined index: start in [/var/www/infoskjerm/app/controllers/slides_controller.php, line 121]
2010-08-10 13:28:58 Notice: Notice (8): Undefined index: stop in [/var/www/infoskjerm/app/controllers/slides_controller.php, line 123]
2010-08-10 13:28:58 Notice: Notice (8): Undefined variable: id in [/var/www/infoskjerm/app/controllers/slides_controller.php, line 133]
2010-08-10 13:30:15 Notice: Notice (8): Undefined variable: id in [/var/www/infoskjerm/app/controllers/slides_controller.php, line 128]
2010-08-10 14:01:22 Notice: Notice (8): Undefined variable: file in [/var/www/infoskjerm/app/controllers/slides_controller.php, line 135]
2010-08-10 14:01:22 Notice: Notice (8): Undefined variable: file in [/var/www/infoskjerm/app/controllers/slides_controller.php, line 137]
2010-08-10 14:05:57 Notice: Notice (8): Undefined index: thumbanil in [/var/www/infoskjerm/app/views/slides/index.ctp, line 42]
2010-08-10 14:08:31 Notice: Notice (8): Undefined index: thumbanil in [/var/www/infoskjerm/app/views/slides/edit.ctp, line 2]
2010-08-10 15:11:31 Notice: Notice (8): Undefined variable: id in [/var/www/infoskjerm/app/controllers/slides_controller.php, line 105]
2010-08-10 15:11:31 Notice: Notice (8): Undefined variable: id in [/var/www/infoskjerm/app/controllers/slides_controller.php, line 105]
