2010-08-09 22:33:52 Warning: Warning (2): Invalid argument supplied for foreach() in [/var/www/infoskjerm/app/views/slides/index.ctp, line 2]
2010-08-09 23:18:10 Warning: Warning (512): <span style="color:Red;text-align:left"><b>SQL Error:</b> 1064: You have an error in your SQL syntax; check the manual that corresponds to your MySQL server version for the right syntax to use near 'getActive' at line 1</span> in [/var/www/infoskjerm/cake/libs/model/datasources/dbo_source.php, line 681]
2010-08-09 23:18:10 Warning: Warning (512): <span style="color:Red;text-align:left"><b>SQL Error:</b> 1064: You have an error in your SQL syntax; check the manual that corresponds to your MySQL server version for the right syntax to use near 'getActive' at line 1</span> in [/var/www/infoskjerm/cake/libs/model/datasources/dbo_source.php, line 681]
2010-08-10 09:08:33 Warning: Warning (512): <span style="color:Red;text-align:left"><b>SQL Error:</b> 1054: Unknown column 'index' in 'order clause'</span> in [/var/www/infoskjerm/cake/libs/model/datasources/dbo_source.php, line 681]
2010-08-10 09:08:33 Warning: Warning (2): Invalid argument supplied for foreach() in [/var/www/infoskjerm/app/views/slides/index.ctp, line 36]
2010-08-10 09:16:34 Warning: Warning (512): <span style="color:Red;text-align:left"><b>SQL Error:</b> 1064: You have an error in your SQL syntax; check the manual that corresponds to your MySQL server version for the right syntax to use near 'rem' at line 1</span> in [/var/www/infoskjerm/cake/libs/model/datasources/dbo_source.php, line 681]
2010-08-10 09:16:34 Warning: Warning (512): <span style="color:Red;text-align:left"><b>SQL Error:</b> 1064: You have an error in your SQL syntax; check the manual that corresponds to your MySQL server version for the right syntax to use near 'rem' at line 1</span> in [/var/www/infoskjerm/cake/libs/model/datasources/dbo_source.php, line 681]
2010-08-10 09:25:46 Warning: Warning (512): <span style="color:Red;text-align:left"><b>SQL Error:</b> 1064: You have an error in your SQL syntax; check the manual that corresponds to your MySQL server version for the right syntax to use near 'rem' at line 1</span> in [/var/www/infoskjerm/cake/libs/model/datasources/dbo_source.php, line 681]
2010-08-10 09:25:50 Warning: Warning (512): <span style="color:Red;text-align:left"><b>SQL Error:</b> 1064: You have an error in your SQL syntax; check the manual that corresponds to your MySQL server version for the right syntax to use near 'rem' at line 1</span> in [/var/www/infoskjerm/cake/libs/model/datasources/dbo_source.php, line 681]
2010-08-10 09:25:56 Warning: Warning (512): <span style="color:Red;text-align:left"><b>SQL Error:</b> 1064: You have an error in your SQL syntax; check the manual that corresponds to your MySQL server version for the right syntax to use near 'rem' at line 1</span> in [/var/www/infoskjerm/cake/libs/model/datasources/dbo_source.php, line 681]
2010-08-10 09:26:03 Warning: Warning (512): <span style="color:Red;text-align:left"><b>SQL Error:</b> 1064: You have an error in your SQL syntax; check the manual that corresponds to your MySQL server version for the right syntax to use near 'rem' at line 1</span> in [/var/www/infoskjerm/cake/libs/model/datasources/dbo_source.php, line 681]
2010-08-10 09:26:07 Warning: Warning (512): <span style="color:Red;text-align:left"><b>SQL Error:</b> 1064: You have an error in your SQL syntax; check the manual that corresponds to your MySQL server version for the right syntax to use near 'rem' at line 1</span> in [/var/www/infoskjerm/cake/libs/model/datasources/dbo_source.php, line 681]
2010-08-10 09:26:32 Warning: Warning (512): <span style="color:Red;text-align:left"><b>SQL Error:</b> 1064: You have an error in your SQL syntax; check the manual that corresponds to your MySQL server version for the right syntax to use near 'rem' at line 1</span> in [/var/www/infoskjerm/cake/libs/model/datasources/dbo_source.php, line 681]
2010-08-10 09:26:32 Warning: Warning (512): <span style="color:Red;text-align:left"><b>SQL Error:</b> 1064: You have an error in your SQL syntax; check the manual that corresponds to your MySQL server version for the right syntax to use near 'rem' at line 1</span> in [/var/www/infoskjerm/cake/libs/model/datasources/dbo_source.php, line 681]
2010-08-10 11:09:34 Warning: Warning (512): <span style="color:Red;text-align:left"><b>SQL Error:</b> 1052: Column 'id' in where clause is ambiguous</span> in [/var/www/infoskjerm/cake/libs/model/datasources/dbo_source.php, line 681]
2010-08-10 11:10:35 Warning: Warning (512): <span style="color:Red;text-align:left"><b>SQL Error:</b> 1052: Column 'id' in where clause is ambiguous</span> in [/var/www/infoskjerm/cake/libs/model/datasources/dbo_source.php, line 681]
2010-08-10 12:22:57 Warning: Warning (512): <span style="color:Red;text-align:left"><b>SQL Error:</b> 1054: Unknown column 'Slide.stop' in 'where clause'</span> in [/var/www/infoskjerm/cake/libs/model/datasources/dbo_source.php, line 681]
2010-08-10 12:22:57 Warning: Warning (512): <span style="color:Red;text-align:left"><b>SQL Error:</b> 1054: Unknown column 'Slide.start' in 'where clause'</span> in [/var/www/infoskjerm/cake/libs/model/datasources/dbo_source.php, line 681]
2010-08-10 12:22:57 Warning: Warning (2): Invalid argument supplied for foreach() in [/var/www/infoskjerm/app/views/slides/index.ctp, line 21]
2010-08-10 12:23:54 Warning: Warning (512): <span style="color:Red;text-align:left"><b>SQL Error:</b> 1064: You have an error in your SQL syntax; check the manual that corresponds to your MySQL server version for the right syntax to use near 'getOldSlides' at line 1</span> in [/var/www/infoskjerm/cake/libs/model/datasources/dbo_source.php, line 681]
2010-08-10 12:23:54 Warning: Warning (512): <span style="color:Red;text-align:left"><b>SQL Error:</b> 1064: You have an error in your SQL syntax; check the manual that corresponds to your MySQL server version for the right syntax to use near 'getActiveSlides' at line 1</span> in [/var/www/infoskjerm/cake/libs/model/datasources/dbo_source.php, line 681]
2010-08-10 12:23:54 Warning: Warning (512): <span style="color:Red;text-align:left"><b>SQL Error:</b> 1064: You have an error in your SQL syntax; check the manual that corresponds to your MySQL server version for the right syntax to use near 'getFutureSlides' at line 1</span> in [/var/www/infoskjerm/cake/libs/model/datasources/dbo_source.php, line 681]
2010-08-10 12:23:54 Warning: Warning (2): Invalid argument supplied for foreach() in [/var/www/infoskjerm/app/views/slides/index.ctp, line 21]
2010-08-10 12:24:21 Warning: Warning (2): Invalid argument supplied for foreach() in [/var/www/infoskjerm/app/views/slides/index.ctp, line 21]
2010-08-10 13:28:58 Warning: Warning (512): <span style="color:Red;text-align:left"><b>SQL Error:</b> 1048: Column 'slide_id' cannot be null</span> in [/var/www/infoskjerm/cake/libs/model/datasources/dbo_source.php, line 681]
2010-08-10 13:28:58 Warning: Warning (2): Cannot modify header information - headers already sent by (output started at /var/www/infoskjerm/cake/libs/debugger.php:673) in [/var/www/infoskjerm/cake/libs/controller/controller.php, line 746]
2010-08-10 13:30:15 Warning: Warning (512): <span style="color:Red;text-align:left"><b>SQL Error:</b> 1048: Column 'slide_id' cannot be null</span> in [/var/www/infoskjerm/cake/libs/model/datasources/dbo_source.php, line 681]
2010-08-10 13:30:15 Warning: Warning (2): Cannot modify header information - headers already sent by (output started at /var/www/infoskjerm/cake/basics.php:356) in [/var/www/infoskjerm/cake/libs/controller/controller.php, line 746]
2010-08-10 13:54:51 Warning: Warning (512): <span style="color:Red;text-align:left"><b>SQL Error:</b> 1064: You have an error in your SQL syntax; check the manual that corresponds to your MySQL server version for the right syntax to use near 'getByName' at line 1</span> in [/var/www/infoskjerm/cake/libs/model/datasources/dbo_source.php, line 681]
2010-08-10 13:56:37 Warning: Warning (2): file_get_contents(/var/www/infoskjerm/app/webroot/slides/res_1) [http://php.net/function.file-get-contents]: failed to open stream: No such file or directory in [/var/www/infoskjerm/app/controllers/resources_controller.php, line 21]
2010-08-10 14:10:11 Warning: Warning (512): <span style="color:Red;text-align:left"><b>SQL Error:</b> 1064: You have an error in your SQL syntax; check the manual that corresponds to your MySQL server version for the right syntax to use near 'getThumbnailUrl' at line 1</span> in [/var/www/infoskjerm/cake/libs/model/datasources/dbo_source.php, line 681]
2010-08-10 15:11:31 Warning: Warning (2): Missing argument 1 for SlidesController::delete() in [/var/www/infoskjerm/app/controllers/slides_controller.php, line 103]
2010-08-10 15:11:31 Warning: Warning (2): Missing argument 1 for SlidesController::delete() in [/var/www/infoskjerm/app/controllers/slides_controller.php, line 103]
